<?xml version="1.0" encoding="UTF-8"?>
<testsuite xmlns:xsi="http://www.w3.org/2001/XMLSchema-instance" xsi:noNamespaceSchemaLocation="https://maven.apache.org/surefire/maven-surefire-plugin/xsd/surefire-test-report-3.0.xsd" version="3.0" name="net.md_5.bungee.event.UnregisteringListenerTest" time="0.001" tests="1" errors="0" skipped="0" failures="0">
  <properties>
    <property name="java.specification.version" value="22"/>
    <property name="sun.cpu.isalist" value="amd64"/>
    <property name="sun.jnu.encoding" value="Cp1252"/>
    <property name="java.class.path" value="C:\Users\Theo\eclipse-workspace\HexaCord\event\target\test-classes;C:\Users\Theo\eclipse-workspace\HexaCord\event\target\classes;C:\Users\Theo\.m2\repository\junit\junit\4.12\junit-4.12.jar;C:\Users\Theo\.m2\repository\org\hamcrest\hamcrest-core\1.3\hamcrest-core-1.3.jar;C:\Users\Theo\.m2\repository\com\google\guava\guava\18.0\guava-18.0.jar;C:\Users\Theo\.m2\repository\com\google\code\findbugs\findbugs\3.0.0\findbugs-3.0.0.jar;C:\Users\Theo\.m2\repository\com\google\code\findbugs\bcel-findbugs\6.0\bcel-findbugs-6.0.jar;C:\Users\Theo\.m2\repository\com\google\code\findbugs\annotations\3.0.0\annotations-3.0.0.jar;C:\Users\Theo\.m2\repository\com\google\code\findbugs\jFormatString\3.0.0\jFormatString-3.0.0.jar;C:\Users\Theo\.m2\repository\dom4j\dom4j\1.6.1\dom4j-1.6.1.jar;C:\Users\Theo\.m2\repository\xml-apis\xml-apis\1.0.b2\xml-apis-1.0.b2.jar;C:\Users\Theo\.m2\repository\jaxen\jaxen\1.1.6\jaxen-1.1.6.jar;C:\Users\Theo\.m2\repository\org\ow2\asm\asm-debug-all\5.0.2\asm-debug-all-5.0.2.jar;C:\Users\Theo\.m2\repository\commons-lang\commons-lang\2.6\commons-lang-2.6.jar;C:\Users\Theo\.m2\repository\org\projectlombok\lombok\1.18.30\lombok-1.18.30.jar;"/>
    <property name="java.vm.vendor" value="Oracle Corporation"/>
    <property name="sun.arch.data.model" value="64"/>
    <property name="user.variant" value=""/>
    <property name="java.vendor.url" value="https://java.oracle.com/"/>
    <property name="user.timezone" value="Europe/Paris"/>
    <property name="os.name" value="Windows 11"/>
    <property name="java.vm.specification.version" value="22"/>
    <property name="sun.java.launcher" value="SUN_STANDARD"/>
    <property name="user.country" value="FR"/>
    <property name="sun.boot.library.path" value="C:\Users\Theo\.jdks\openjdk-22.0.1\bin"/>
    <property name="sun.java.command" value="C:\Users\Theo\AppData\Local\Temp\surefire14168101211114973757\surefirebooter-20240615195436794_9.jar C:\Users\Theo\AppData\Local\Temp\surefire14168101211114973757 2024-06-15T19-54-30_834-jvmRun1 surefire-20240615195436794_7tmp surefire_2-20240615195436794_8tmp"/>
    <property name="jdk.debug" value="release"/>
    <property name="surefire.test.class.path" value="C:\Users\Theo\eclipse-workspace\HexaCord\event\target\test-classes;C:\Users\Theo\eclipse-workspace\HexaCord\event\target\classes;C:\Users\Theo\.m2\repository\junit\junit\4.12\junit-4.12.jar;C:\Users\Theo\.m2\repository\org\hamcrest\hamcrest-core\1.3\hamcrest-core-1.3.jar;C:\Users\Theo\.m2\repository\com\google\guava\guava\18.0\guava-18.0.jar;C:\Users\Theo\.m2\repository\com\google\code\findbugs\findbugs\3.0.0\findbugs-3.0.0.jar;C:\Users\Theo\.m2\repository\com\google\code\findbugs\bcel-findbugs\6.0\bcel-findbugs-6.0.jar;C:\Users\Theo\.m2\repository\com\google\code\findbugs\annotations\3.0.0\annotations-3.0.0.jar;C:\Users\Theo\.m2\repository\com\google\code\findbugs\jFormatString\3.0.0\jFormatString-3.0.0.jar;C:\Users\Theo\.m2\repository\dom4j\dom4j\1.6.1\dom4j-1.6.1.jar;C:\Users\Theo\.m2\repository\xml-apis\xml-apis\1.0.b2\xml-apis-1.0.b2.jar;C:\Users\Theo\.m2\repository\jaxen\jaxen\1.1.6\jaxen-1.1.6.jar;C:\Users\Theo\.m2\repository\org\ow2\asm\asm-debug-all\5.0.2\asm-debug-all-5.0.2.jar;C:\Users\Theo\.m2\repository\commons-lang\commons-lang\2.6\commons-lang-2.6.jar;C:\Users\Theo\.m2\repository\org\projectlombok\lombok\1.18.30\lombok-1.18.30.jar;"/>
    <property name="sun.cpu.endian" value="little"/>
    <property name="user.home" value="C:\Users\Theo"/>
    <property name="user.language" value="fr"/>
    <property name="java.specification.vendor" value="Oracle Corporation"/>
    <property name="java.version.date" value="2024-04-16"/>
    <property name="java.home" value="C:\Users\Theo\.jdks\openjdk-22.0.1"/>
    <property name="file.separator" value="\"/>
    <property name="basedir" value="C:\Users\Theo\eclipse-workspace\HexaCord\event"/>
    <property name="java.vm.compressedOopsMode" value="Zero based"/>
    <property name="line.separator" value="&#10;"/>
    <property name="java.vm.specification.vendor" value="Oracle Corporation"/>
    <property name="java.specification.name" value="Java Platform API Specification"/>
    <property name="surefire.real.class.path" value="C:\Users\Theo\AppData\Local\Temp\surefire14168101211114973757\surefirebooter-20240615195436794_9.jar"/>
    <property name="user.script" value=""/>
    <property name="sun.management.compiler" value="HotSpot 64-Bit Tiered Compilers"/>
    <property name="java.runtime.version" value="22.0.1+8-16"/>
    <property name="user.name" value="Theo"/>
    <property name="stdout.encoding" value="Cp1252"/>
    <property name="path.separator" value=";"/>
    <property name="os.version" value="10.0"/>
    <property name="java.runtime.name" value="OpenJDK Runtime Environment"/>
    <property name="file.encoding" value="UTF-8"/>
    <property name="java.vm.name" value="OpenJDK 64-Bit Server VM"/>
    <property name="localRepository" value="C:\Users\Theo\.m2\repository"/>
    <property name="java.vendor.url.bug" value="https://bugreport.java.com/bugreport/"/>
    <property name="java.io.tmpdir" value="C:\Users\Theo\AppData\Local\Temp\"/>
    <property name="idea.version" value="2024.1"/>
    <property name="java.version" value="22.0.1"/>
    <property name="user.dir" value="C:\Users\Theo\eclipse-workspace\HexaCord\event"/>
    <property name="os.arch" value="amd64"/>
    <property name="java.vm.specification.name" value="Java Virtual Machine Specification"/>
    <property name="sun.os.patch.level" value=""/>
    <property name="native.encoding" value="Cp1252"/>
    <property name="java.library.path" value="C:\Users\Theo\.jdks\openjdk-22.0.1\bin;C:\Windows\Sun\Java\bin;C:\Windows\system32;C:\Windows;C:\Windows\system32;C:\Windows;C:\Windows\System32\Wbem;C:\Windows\System32\WindowsPowerShell\v1.0\;C:\Windows\System32\OpenSSH\;C:\Users\Theo\AppData\Local\Microsoft\WindowsApps;C:\Windows\AtlasModules;C:\Windows\AtlasModules\Apps;C:\Windows\AtlasModules\Other;C:\Windows\AtlasModules\Tools;C:\Windows\AtlasModules\Scripts;C:\Program Files\NVIDIA Corporation\NVIDIA NvDLISR;C:\Program Files (x86)\NVIDIA Corporation\PhysX\Common;C:\Program Files\PuTTY\;C:\Program Files\Git\cmd;C:\Program Files (x86)\blur;C:\apache-maven-3.9.6\bin;C:\Program Files\Java\jdk1.8.0_202\bin;C:\Users\Theo\scoop\apps\MPV\current;C:\Users\Theo\scoop\shims;C:\Users\Theo\AppData\Local\Microsoft\WindowsApps;C:\Users\Theo\AppData\Local\Programs\Microsoft VS Code\bin;C:\Users\Theo\AppData\Local\GitHubDesktop\bin;."/>
    <property name="java.vm.info" value="mixed mode, sharing"/>
    <property name="stderr.encoding" value="Cp1252"/>
    <property name="java.vendor" value="Oracle Corporation"/>
    <property name="java.vm.version" value="22.0.1+8-16"/>
    <property name="sun.io.unicode.encoding" value="UnicodeLittle"/>
    <property name="java.class.version" value="66.0"/>
  </properties>
  <testcase name="testPriority" classname="net.md_5.bungee.event.UnregisteringListenerTest" time="0.0"/>
</testsuite>